#
# A fatal error has been detected by the Java Runtime Environment:
#
#  EXCEPTION_ACCESS_VIOLATION (0xc0000005) at pc=0x00007fff1442e935, pid=984, tid=3560
#
# JRE version: Java(TM) SE Runtime Environment (16.0.1+9) (build 16.0.1+9-24)
# Java VM: Java HotSpot(TM) 64-Bit Server VM (16.0.1+9-24, mixed mode, sharing, tiered, compressed oops, compressed class ptrs, g1 gc, windows-amd64)
# Problematic frame:
# V  [jvm.dll+0x61e935]
#
# No core dump will be written. Minidumps are not enabled by default on client versions of Windows
#
# If you would like to submit a bug report, please visit:
#   https://bugreport.java.com/bugreport/crash.jsp
#

---------------  S U M M A R Y ------------

Command Line: -XX:+ShowCodeDetailsInExceptionMessages -agentlib:jdwp=transport=dt_socket,suspend=y,address=localhost:49405 -javaagent:C:\Users\Varun Acharya\eclipse\jee-2021-065\eclipse\configuration\org.eclipse.osgi\415\0\.cp\lib\javaagent-shaded.jar -Dfile.encoding=Cp1252 com.calci.calci

Host: 11th Gen Intel(R) Core(TM) i3-1115G4 @ 3.00GHz, 4 cores, 7G,  Windows 10 , 64 bit Build 19041 (10.0.19041.546)
Time: Mon Aug 16 21:31:30 2021 India Standard Time elapsed time: 6051.996594 seconds (0d 1h 40m 51s)

---------------  T H R E A D  ---------------

Current thread (0x0000028942b81fa0):  VMThread "VM Thread" [stack: 0x000000c560800000,0x000000c560900000] [id=3560]

Stack: [0x000000c560800000,0x000000c560900000],  sp=0x000000c5608ff270,  free space=1020k
Native frames: (J=compiled Java code, j=interpreted, Vv=VM code, C=native code)
V  [jvm.dll+0x61e935]
V  [jvm.dll+0x521294]
V  [jvm.dll+0x520a5d]
V  [jvm.dll+0x7d05eb]
V  [jvm.dll+0x7d12e4]
V  [jvm.dll+0x7d17e9]
V  [jvm.dll+0x7d1aa4]
V  [jvm.dll+0x7d1b70]
V  [jvm.dll+0x779b4a]
V  [jvm.dll+0x667666]
C  [ucrtbase.dll+0x214c2]
C  [KERNEL32.DLL+0x17034]
C  [ntdll.dll+0x4cec1]


siginfo: EXCEPTION_ACCESS_VIOLATION (0xc0000005), reading address 0xffffffffffffffff


Register to memory mapping:

RIP=0x00007fff1442e935 jvm.dll
RAX=0x0000ca894343b338 is an unknown value
RBX=0x0000028943aaa280 points into unknown readable memory: 0x0000009d00000002 | 02 00 00 00 9d 00 00 00
RCX={method} {0x000002894343b1b0} 'main' '([Ljava/lang/String;)V' in 'com/calci/calci'
RDX=0x0000028942b81fa0 points into unknown readable memory: 0x00007fff1477f628 | 28 f6 77 14 ff 7f 00 00
RSP=0x000000c5608ff270 points into unknown readable memory: 0x0000028943aaa280 | 80 a2 aa 43 89 02 00 00
RBP=0x0000000800c074d8 is a pointer to class: 
com.calci.calci {0x0000000800c074e0}
RSI=0x0000028942b81fa0 points into unknown readable memory: 0x00007fff1477f628 | 28 f6 77 14 ff 7f 00 00
RDI={method} {0x000002894343b1b0} 'main' '([Ljava/lang/String;)V' in 'com/calci/calci'
R8 =0x000000000000001a is an unknown value
R9 =0x0000000000000040 is an unknown value
R10=0x0 is NULL
R11=0x2b802e94f05f69eb is an unknown value
R12=0x000000c5608ff3a0 points into unknown readable memory: 0x00007fff1442e850 | 50 e8 42 14 ff 7f 00 00
R13=0x0000000800413d38 is pointing into metadata
R14=0x0000028942b75b00 points into unknown readable memory: 0x0000000000000000 | 00 00 00 00 00 00 00 00
R15=0x0000000800c076d8 is a pointer to class: 
com.calci.calci {0x0000000800c076e0}


Registers:
RAX=0x0000ca894343b338, RBX=0x0000028943aaa280, RCX=0x000002894343b1a8, RDX=0x0000028942b81fa0
RSP=0x000000c5608ff270, RBP=0x0000000800c074d8, RSI=0x0000028942b81fa0, RDI=0x000002894343b1a8
R8 =0x000000000000001a, R9 =0x0000000000000040, R10=0x0000000000000000, R11=0x2b802e94f05f69eb
R12=0x000000c5608ff3a0, R13=0x0000000800413d38, R14=0x0000028942b75b00, R15=0x0000000800c076d8
RIP=0x00007fff1442e935, EFLAGS=0x0000000000010202

Top of Stack: (sp=0x000000c5608ff270)
0x000000c5608ff270:   0000028943aaa280 0000028942b81fa0
0x000000c5608ff280:   0000000000000020 00007fff1446b290
0x000000c5608ff290:   000002894343d388 0000028942b81fa0
0x000000c5608ff2a0:   0000028942b81fa0 0000028925704fb0
0x000000c5608ff2b0:   0000028942b822a0 0000028942b822b0
0x000000c5608ff2c0:   0000028942b82388 00000000000000d8
0x000000c5608ff2d0:   000000c5608ff5c0 00007fff7ac85d21
0x000000c5608ff2e0:   0000028942b75ee8 00007fff14331294
0x000000c5608ff2f0:   000002894343d388 0000028942b75b10
0x000000c5608ff300:   00000289257047f0 000002894343b1a8
0x000000c5608ff310:   00000000000003d8 00000008004165d8
0x000000c5608ff320:   0000028925680080 00000289438d91d0
0x000000c5608ff330:   0000028943ad63a0 0000028942b75ee8
0x000000c5608ff340:   000000c5613ff540 0000028942b75b10
0x000000c5608ff350:   00000000000003d8 00007fff14920980
0x000000c5608ff360:   00007fff146b3000 00000289438d91d0 

Instructions: (pc=0x00007fff1442e935)
0x00007fff1442e835:   d3 ff ff 48 8d 4c 24 20 e8 ce 3a d2 ff 48 8b 5c
0x00007fff1442e845:   24 48 48 83 c4 30 5f c3 cc cc cc 48 89 5c 24 10
0x00007fff1442e855:   48 89 6c 24 18 48 89 74 24 20 57 48 83 ec 70 48
0x00007fff1442e865:   8b 41 08 48 8b f9 48 63 f2 4c 8b 40 08 49 8b 68
0x00007fff1442e875:   18 45 33 c0 41 8d 50 01 8d 4a 17 e8 0b 9e a8 ff
0x00007fff1442e885:   48 8b d8 48 85 c0 74 44 89 70 04 48 8b 47 08 0f
0x00007fff1442e895:   b7 48 2a 66 89 4b 08 48 8b 47 08 0f b7 48 2c 66
0x00007fff1442e8a5:   89 4b 0a 48 8b 47 08 0f b6 54 06 38 89 13 81 fa
0x00007fff1442e8b5:   ca 00 00 00 75 0c 8b d6 48 8b cf e8 5b e5 ff ff
0x00007fff1442e8c5:   89 03 48 c7 43 10 00 00 00 00 eb 02 33 db 48 8b
0x00007fff1442e8d5:   85 70 01 00 00 8b 0d e8 6f 4f 00 48 89 43 10 65
0x00007fff1442e8e5:   48 8b 04 25 58 00 00 00 48 89 9d 70 01 00 00 48
0x00007fff1442e8f5:   8b 34 c8 b8 40 00 00 00 80 3c 30 00 75 05 e8 84
0x00007fff1442e905:   5c 20 00 48 63 4b 04 b8 10 00 00 00 48 8b 34 30
0x00007fff1442e915:   48 8b 47 08 48 8b d6 c6 44 01 38 ca 48 8b cf e8
0x00007fff1442e925:   27 3f ba ff 48 83 7e 08 00 75 09 48 85 c0 74 04
0x00007fff1442e935:   66 ff 40 0e 48 8b d6 48 8d 4c 24 30 e8 ba 3a d2
0x00007fff1442e945:   ff 48 89 7c 24 20 48 8d 94 24 80 00 00 00 48 89
0x00007fff1442e955:   74 24 28 48 8b 8e 88 02 00 00 48 89 bc 24 80 00
0x00007fff1442e965:   00 00 e8 94 bd 9e ff 48 8d 4c 24 20 e8 1a 3f be
0x00007fff1442e975:   ff 48 8d 4c 24 20 e8 90 39 d2 ff 48 8d 4c 24 30
0x00007fff1442e985:   e8 16 39 d2 ff 4c 8d 5c 24 70 49 8b 5b 18 49 8b
0x00007fff1442e995:   6b 20 49 8b 73 28 49 8b e3 5f c3 48 89 5c 24 08
0x00007fff1442e9a5:   48 89 74 24 10 57 48 83 ec 20 4c 8b 01 48 8b fa
0x00007fff1442e9b5:   48 8b d9 49 8b 40 08 48 3b 05 8d 7f 4a 00 73 12
0x00007fff1442e9c5:   48 3b 05 7c 7f 4a 00 72 09 48 8b 40 18 48 8b 08
0x00007fff1442e9d5:   eb 04 48 8b 48 18 48 85 c9 75 27 4c 8d 0d 29 cd
0x00007fff1442e9e5:   30 00 ba 28 05 00 00 4c 8d 05 45 cd 30 00 48 8d
0x00007fff1442e9f5:   0d fe ca 30 00 e8 91 43 c2 ff e8 3c 99 04 00 4c
0x00007fff1442ea05:   8b 03 49 89 78 40 48 8b cf 48 8b 07 ff 90 c8 00
0x00007fff1442ea15:   00 00 48 8b 0b 8b f0 48 8b 49 18 48 85 c9 74 07
0x00007fff1442ea25:   e8 76 18 00 00 eb 02 33 c0 3b f0 7e 13 48 8b 03 


Stack slot to memory mapping:
stack at sp + 0 slots: 0x0000028943aaa280 points into unknown readable memory: 0x0000009d00000002 | 02 00 00 00 9d 00 00 00
stack at sp + 1 slots: 0x0000028942b81fa0 points into unknown readable memory: 0x00007fff1477f628 | 28 f6 77 14 ff 7f 00 00
stack at sp + 2 slots: 0x0000000000000020 is an unknown value
stack at sp + 3 slots: 0x00007fff1446b290 jvm.dll
stack at sp + 4 slots: {method} {0x000002894343d390} 'main' '([Ljava/lang/String;)V' in 'com/calci/calci'
stack at sp + 5 slots: 0x0000028942b81fa0 points into unknown readable memory: 0x00007fff1477f628 | 28 f6 77 14 ff 7f 00 00
stack at sp + 6 slots: 0x0000028942b81fa0 points into unknown readable memory: 0x00007fff1477f628 | 28 f6 77 14 ff 7f 00 00
stack at sp + 7 slots: 0x0000028925704fb0 points into unknown readable memory: 0x0000000000000002 | 02 00 00 00 00 00 00 00

VM_Operation (0x000000c5613ff540): ChangeBreakpoints, mode: safepoint, requested by thread 0x00000289438dae60


---------------  P R O C E S S  ---------------

Threads class SMR info:
_java_thread_list=0x0000028943a333b0, length=15, elements={
0x0000028925627ba0, 0x0000028942b8a150, 0x0000028942b8b2f0, 0x0000028942b9e870,
0x0000028942ba3290, 0x0000028942ba4430, 0x0000028942bb0b00, 0x0000028942ba65e0,
0x0000028942bb1fd0, 0x0000028942bbccd0, 0x0000028943827950, 0x00000289438dae60,
0x00000289439ca760, 0x00000289439caca0, 0x0000028943a7a7b0
}

Java Threads: ( => current thread )
  0x0000028925627ba0 JavaThread "main" [_thread_in_native, id=9000, stack(0x000000c560200000,0x000000c560300000)]
  0x0000028942b8a150 JavaThread "Reference Handler" daemon [_thread_blocked, id=9232, stack(0x000000c560900000,0x000000c560a00000)]
  0x0000028942b8b2f0 JavaThread "Finalizer" daemon [_thread_blocked, id=6044, stack(0x000000c560a00000,0x000000c560b00000)]
  0x0000028942b9e870 JavaThread "Signal Dispatcher" daemon [_thread_blocked, id=14244, stack(0x000000c560b00000,0x000000c560c00000)]
  0x0000028942ba3290 JavaThread "Attach Listener" daemon [_thread_blocked, id=12712, stack(0x000000c560c00000,0x000000c560d00000)]
  0x0000028942ba4430 JavaThread "Service Thread" daemon [_thread_blocked, id=7160, stack(0x000000c560d00000,0x000000c560e00000)]
  0x0000028942bb0b00 JavaThread "Monitor Deflation Thread" daemon [_thread_blocked, id=7780, stack(0x000000c560e00000,0x000000c560f00000)]
  0x0000028942ba65e0 JavaThread "C2 CompilerThread0" daemon [_thread_blocked, id=8880, stack(0x000000c560f00000,0x000000c561000000)]
  0x0000028942bb1fd0 JavaThread "C1 CompilerThread0" daemon [_thread_blocked, id=3564, stack(0x000000c561000000,0x000000c561100000)]
  0x0000028942bbccd0 JavaThread "Sweeper thread" daemon [_thread_blocked, id=3864, stack(0x000000c561100000,0x000000c561200000)]
  0x0000028943827950 JavaThread "Common-Cleaner" daemon [_thread_blocked, id=12916, stack(0x000000c561200000,0x000000c561300000)]
  0x00000289438dae60 JavaThread "JDWP Transport Listener: dt_socket" daemon [_thread_blocked, id=1472, stack(0x000000c561300000,0x000000c561400000)]
  0x00000289439ca760 JavaThread "JDWP Event Helper Thread" daemon [_thread_blocked, id=7516, stack(0x000000c561400000,0x000000c561500000)]
  0x00000289439caca0 JavaThread "JDWP Command Reader" daemon [_thread_in_native, id=2632, stack(0x000000c561500000,0x000000c561600000)]
  0x0000028943a7a7b0 JavaThread "Notification Thread" daemon [_thread_blocked, id=4288, stack(0x000000c561600000,0x000000c561700000)]

Other Threads:
=>0x0000028942b81fa0 VMThread "VM Thread" [stack: 0x000000c560800000,0x000000c560900000] [id=3560]
  0x0000028925628d90 WatcherThread [stack: 0x000000c561700000,0x000000c561800000] [id=4124]
  0x00000289256686f0 GCTaskThread "GC Thread#0" [stack: 0x000000c560300000,0x000000c560400000] [id=9056]
  0x0000028925679590 ConcurrentGCThread "G1 Main Marker" [stack: 0x000000c560400000,0x000000c560500000] [id=3028]
  0x000002892567a000 ConcurrentGCThread "G1 Conc#0" [stack: 0x000000c560500000,0x000000c560600000] [id=14096]
  0x00000289256e02f0 ConcurrentGCThread "G1 Refine#0" [stack: 0x000000c560600000,0x000000c560700000] [id=4132]
  0x00000289256e1d80 ConcurrentGCThread "G1 Service" [stack: 0x000000c560700000,0x000000c560800000] [id=9468]

Threads with active compile tasks:
C2 CompilerThread0  6052046  493       4       org.eclipse.jdt.launching.internal.org.objectweb.asm.ClassReader::readUtf (44 bytes)

VM state: at safepoint (normal execution)

VM Mutex/Monitor currently owned by a thread:  ([mutex/lock_event])
[0x0000028925623540] Threads_lock - owner thread: 0x0000028942b81fa0

Heap address: 0x0000000084a00000, size: 1974 MB, Compressed Oops mode: 32-bit

CDS archive(s) mapped at: [0x0000000800000000-0x0000000800bb0000-0x0000000800bb0000), size 12255232, SharedBaseAddress: 0x0000000800000000, ArchiveRelocationMode: 0.
Compressed class space mapped at: 0x0000000800c00000-0x0000000840c00000, reserved size: 1073741824
Narrow klass base: 0x0000000800000000, Narrow klass shift: 3, Narrow klass range: 0x100000000

GC Precious Log:
 CPUs: 4 total, 4 available
 Memory: 7894M
 Large Page Support: Disabled
 NUMA Support: Disabled
 Compressed Oops: Enabled (32-bit)
 Heap Region Size: 1M
 Heap Min Capacity: 8M
 Heap Initial Capacity: 124M
 Heap Max Capacity: 1974M
 Pre-touch: Disabled
 Parallel Workers: 4
 Concurrent Workers: 1
 Concurrent Refinement Workers: 4
 Periodic GC: Disabled

Heap:
 garbage-first heap   total 126976K, used 6144K [0x0000000084a00000, 0x0000000100000000)
  region size 1024K, 7 young (7168K), 0 survivors (0K)
 Metaspace       used 2877K, committed 3008K, reserved 1056768K
  class space    used 245K, committed 320K, reserved 1048576K

Heap Regions: E=young(eden), S=young(survivor), O=old, HS=humongous(starts), HC=humongous(continues), CS=collection set, F=free, OA=open archive, CA=closed archive, TAMS=top-at-mark-start (previous, next)
|   0|0x0000000084a00000, 0x0000000084a00000, 0x0000000084b00000|  0%| F|  |TAMS 0x0000000084a00000, 0x0000000084a00000| Untracked 
|   1|0x0000000084b00000, 0x0000000084b00000, 0x0000000084c00000|  0%| F|  |TAMS 0x0000000084b00000, 0x0000000084b00000| Untracked 
|   2|0x0000000084c00000, 0x0000000084c00000, 0x0000000084d00000|  0%| F|  |TAMS 0x0000000084c00000, 0x0000000084c00000| Untracked 
|   3|0x0000000084d00000, 0x0000000084d00000, 0x0000000084e00000|  0%| F|  |TAMS 0x0000000084d00000, 0x0000000084d00000| Untracked 
|   4|0x0000000084e00000, 0x0000000084e00000, 0x0000000084f00000|  0%| F|  |TAMS 0x0000000084e00000, 0x0000000084e00000| Untracked 
|   5|0x0000000084f00000, 0x0000000084f00000, 0x0000000085000000|  0%| F|  |TAMS 0x0000000084f00000, 0x0000000084f00000| Untracked 
|   6|0x0000000085000000, 0x0000000085000000, 0x0000000085100000|  0%| F|  |TAMS 0x0000000085000000, 0x0000000085000000| Untracked 
|   7|0x0000000085100000, 0x0000000085100000, 0x0000000085200000|  0%| F|  |TAMS 0x0000000085100000, 0x0000000085100000| Untracked 
|   8|0x0000000085200000, 0x0000000085200000, 0x0000000085300000|  0%| F|  |TAMS 0x0000000085200000, 0x0000000085200000| Untracked 
|   9|0x0000000085300000, 0x0000000085300000, 0x0000000085400000|  0%| F|  |TAMS 0x0000000085300000, 0x0000000085300000| Untracked 
|  10|0x0000000085400000, 0x0000000085400000, 0x0000000085500000|  0%| F|  |TAMS 0x0000000085400000, 0x0000000085400000| Untracked 
|  11|0x0000000085500000, 0x0000000085500000, 0x0000000085600000|  0%| F|  |TAMS 0x0000000085500000, 0x0000000085500000| Untracked 
|  12|0x0000000085600000, 0x0000000085600000, 0x0000000085700000|  0%| F|  |TAMS 0x0000000085600000, 0x0000000085600000| Untracked 
|  13|0x0000000085700000, 0x0000000085700000, 0x0000000085800000|  0%| F|  |TAMS 0x0000000085700000, 0x0000000085700000| Untracked 
|  14|0x0000000085800000, 0x0000000085800000, 0x0000000085900000|  0%| F|  |TAMS 0x0000000085800000, 0x0000000085800000| Untracked 
|  15|0x0000000085900000, 0x0000000085900000, 0x0000000085a00000|  0%| F|  |TAMS 0x0000000085900000, 0x0000000085900000| Untracked 
|  16|0x0000000085a00000, 0x0000000085a00000, 0x0000000085b00000|  0%| F|  |TAMS 0x0000000085a00000, 0x0000000085a00000| Untracked 
|  17|0x0000000085b00000, 0x0000000085b00000, 0x0000000085c00000|  0%| F|  |TAMS 0x0000000085b00000, 0x0000000085b00000| Untracked 
|  18|0x0000000085c00000, 0x0000000085c00000, 0x0000000085d00000|  0%| F|  |TAMS 0x0000000085c00000, 0x0000000085c00000| Untracked 
|  19|0x0000000085d00000, 0x0000000085d00000, 0x0000000085e00000|  0%| F|  |TAMS 0x0000000085d00000, 0x0000000085d00000| Untracked 
|  20|0x0000000085e00000, 0x0000000085e00000, 0x0000000085f00000|  0%| F|  |TAMS 0x0000000085e00000, 0x0000000085e00000| Untracked 
|  21|0x0000000085f00000, 0x0000000085f00000, 0x0000000086000000|  0%| F|  |TAMS 0x0000000085f00000, 0x0000000085f00000| Untracked 
|  22|0x0000000086000000, 0x0000000086000000, 0x0000000086100000|  0%| F|  |TAMS 0x0000000086000000, 0x0000000086000000| Untracked 
|  23|0x0000000086100000, 0x0000000086100000, 0x0000000086200000|  0%| F|  |TAMS 0x0000000086100000, 0x0000000086100000| Untracked 
|  24|0x0000000086200000, 0x0000000086200000, 0x0000000086300000|  0%| F|  |TAMS 0x0000000086200000, 0x0000000086200000| Untracked 
|  25|0x0000000086300000, 0x0000000086300000, 0x0000000086400000|  0%| F|  |TAMS 0x0000000086300000, 0x0000000086300000| Untracked 
|  26|0x0000000086400000, 0x0000000086400000, 0x0000000086500000|  0%| F|  |TAMS 0x0000000086400000, 0x0000000086400000| Untracked 
|  27|0x0000000086500000, 0x0000000086500000, 0x0000000086600000|  0%| F|  |TAMS 0x0000000086500000, 0x0000000086500000| Untracked 
|  28|0x0000000086600000, 0x0000000086600000, 0x0000000086700000|  0%| F|  |TAMS 0x0000000086600000, 0x0000000086600000| Untracked 
|  29|0x0000000086700000, 0x0000000086700000, 0x0000000086800000|  0%| F|  |TAMS 0x0000000086700000, 0x0000000086700000| Untracked 
|  30|0x0000000086800000, 0x0000000086800000, 0x0000000086900000|  0%| F|  |TAMS 0x0000000086800000, 0x0000000086800000| Untracked 
|  31|0x0000000086900000, 0x0000000086900000, 0x0000000086a00000|  0%| F|  |TAMS 0x0000000086900000, 0x0000000086900000| Untracked 
|  32|0x0000000086a00000, 0x0000000086a00000, 0x0000000086b00000|  0%| F|  |TAMS 0x0000000086a00000, 0x0000000086a00000| Untracked 
|  33|0x0000000086b00000, 0x0000000086b00000, 0x0000000086c00000|  0%| F|  |TAMS 0x0000000086b00000, 0x0000000086b00000| Untracked 
|  34|0x0000000086c00000, 0x0000000086c00000, 0x0000000086d00000|  0%| F|  |TAMS 0x0000000086c00000, 0x0000000086c00000| Untracked 
|  35|0x0000000086d00000, 0x0000000086d00000, 0x0000000086e00000|  0%| F|  |TAMS 0x0000000086d00000, 0x0000000086d00000| Untracked 
|  36|0x0000000086e00000, 0x0000000086e00000, 0x0000000086f00000|  0%| F|  |TAMS 0x0000000086e00000, 0x0000000086e00000| Untracked 
|  37|0x0000000086f00000, 0x0000000086f00000, 0x0000000087000000|  0%| F|  |TAMS 0x0000000086f00000, 0x0000000086f00000| Untracked 
|  38|0x0000000087000000, 0x0000000087000000, 0x0000000087100000|  0%| F|  |TAMS 0x0000000087000000, 0x0000000087000000| Untracked 
|  39|0x0000000087100000, 0x0000000087100000, 0x0000000087200000|  0%| F|  |TAMS 0x0000000087100000, 0x0000000087100000| Untracked 
|  40|0x0000000087200000, 0x0000000087200000, 0x0000000087300000|  0%| F|  |TAMS 0x0000000087200000, 0x0000000087200000| Untracked 
|  41|0x0000000087300000, 0x0000000087300000, 0x0000000087400000|  0%| F|  |TAMS 0x0000000087300000, 0x0000000087300000| Untracked 
|  42|0x0000000087400000, 0x0000000087400000, 0x0000000087500000|  0%| F|  |TAMS 0x0000000087400000, 0x0000000087400000| Untracked 
|  43|0x0000000087500000, 0x0000000087500000, 0x0000000087600000|  0%| F|  |TAMS 0x0000000087500000, 0x0000000087500000| Untracked 
|  44|0x0000000087600000, 0x0000000087600000, 0x0000000087700000|  0%| F|  |TAMS 0x0000000087600000, 0x0000000087600000| Untracked 
|  45|0x0000000087700000, 0x0000000087700000, 0x0000000087800000|  0%| F|  |TAMS 0x0000000087700000, 0x0000000087700000| Untracked 
|  46|0x0000000087800000, 0x0000000087800000, 0x0000000087900000|  0%| F|  |TAMS 0x0000000087800000, 0x0000000087800000| Untracked 
|  47|0x0000000087900000, 0x0000000087900000, 0x0000000087a00000|  0%| F|  |TAMS 0x0000000087900000, 0x0000000087900000| Untracked 
|  48|0x0000000087a00000, 0x0000000087a00000, 0x0000000087b00000|  0%| F|  |TAMS 0x0000000087a00000, 0x0000000087a00000| Untracked 
|  49|0x0000000087b00000, 0x0000000087b00000, 0x0000000087c00000|  0%| F|  |TAMS 0x0000000087b00000, 0x0000000087b00000| Untracked 
|  50|0x0000000087c00000, 0x0000000087c00000, 0x0000000087d00000|  0%| F|  |TAMS 0x0000000087c00000, 0x0000000087c00000| Untracked 
|  51|0x0000000087d00000, 0x0000000087d00000, 0x0000000087e00000|  0%| F|  |TAMS 0x0000000087d00000, 0x0000000087d00000| Untracked 
|  52|0x0000000087e00000, 0x0000000087e00000, 0x0000000087f00000|  0%| F|  |TAMS 0x0000000087e00000, 0x0000000087e00000| Untracked 
|  53|0x0000000087f00000, 0x0000000087f00000, 0x0000000088000000|  0%| F|  |TAMS 0x0000000087f00000, 0x0000000087f00000| Untracked 
|  54|0x0000000088000000, 0x0000000088000000, 0x0000000088100000|  0%| F|  |TAMS 0x0000000088000000, 0x0000000088000000| Untracked 
|  55|0x0000000088100000, 0x0000000088100000, 0x0000000088200000|  0%| F|  |TAMS 0x0000000088100000, 0x0000000088100000| Untracked 
|  56|0x0000000088200000, 0x0000000088200000, 0x0000000088300000|  0%| F|  |TAMS 0x0000000088200000, 0x0000000088200000| Untracked 
|  57|0x0000000088300000, 0x0000000088300000, 0x0000000088400000|  0%| F|  |TAMS 0x0000000088300000, 0x0000000088300000| Untracked 
|  58|0x0000000088400000, 0x0000000088400000, 0x0000000088500000|  0%| F|  |TAMS 0x0000000088400000, 0x0000000088400000| Untracked 
|  59|0x0000000088500000, 0x0000000088500000, 0x0000000088600000|  0%| F|  |TAMS 0x0000000088500000, 0x0000000088500000| Untracked 
|  60|0x0000000088600000, 0x0000000088600000, 0x0000000088700000|  0%| F|  |TAMS 0x0000000088600000, 0x0000000088600000| Untracked 
|  61|0x0000000088700000, 0x0000000088700000, 0x0000000088800000|  0%| F|  |TAMS 0x0000000088700000, 0x0000000088700000| Untracked 
|  62|0x0000000088800000, 0x0000000088800000, 0x0000000088900000|  0%| F|  |TAMS 0x0000000088800000, 0x0000000088800000| Untracked 
|  63|0x0000000088900000, 0x0000000088900000, 0x0000000088a00000|  0%| F|  |TAMS 0x0000000088900000, 0x0000000088900000| Untracked 
|  64|0x0000000088a00000, 0x0000000088a00000, 0x0000000088b00000|  0%| F|  |TAMS 0x0000000088a00000, 0x0000000088a00000| Untracked 
|  65|0x0000000088b00000, 0x0000000088b00000, 0x0000000088c00000|  0%| F|  |TAMS 0x0000000088b00000, 0x0000000088b00000| Untracked 
|  66|0x0000000088c00000, 0x0000000088c00000, 0x0000000088d00000|  0%| F|  |TAMS 0x0000000088c00000, 0x0000000088c00000| Untracked 
|  67|0x0000000088d00000, 0x0000000088d00000, 0x0000000088e00000|  0%| F|  |TAMS 0x0000000088d00000, 0x0000000088d00000| Untracked 
|  68|0x0000000088e00000, 0x0000000088e00000, 0x0000000088f00000|  0%| F|  |TAMS 0x0000000088e00000, 0x0000000088e00000| Untracked 
|  69|0x0000000088f00000, 0x0000000088f00000, 0x0000000089000000|  0%| F|  |TAMS 0x0000000088f00000, 0x0000000088f00000| Untracked 
|  70|0x0000000089000000, 0x0000000089000000, 0x0000000089100000|  0%| F|  |TAMS 0x0000000089000000, 0x0000000089000000| Untracked 
|  71|0x0000000089100000, 0x0000000089100000, 0x0000000089200000|  0%| F|  |TAMS 0x0000000089100000, 0x0000000089100000| Untracked 
|  72|0x0000000089200000, 0x0000000089200000, 0x0000000089300000|  0%| F|  |TAMS 0x0000000089200000, 0x0000000089200000| Untracked 
|  73|0x0000000089300000, 0x0000000089300000, 0x0000000089400000|  0%| F|  |TAMS 0x0000000089300000, 0x0000000089300000| Untracked 
|  74|0x0000000089400000, 0x0000000089400000, 0x0000000089500000|  0%| F|  |TAMS 0x0000000089400000, 0x0000000089400000| Untracked 
|  75|0x0000000089500000, 0x0000000089500000, 0x0000000089600000|  0%| F|  |TAMS 0x0000000089500000, 0x0000000089500000| Untracked 
|  76|0x0000000089600000, 0x0000000089600000, 0x0000000089700000|  0%| F|  |TAMS 0x0000000089600000, 0x0000000089600000| Untracked 
|  77|0x0000000089700000, 0x0000000089700000, 0x0000000089800000|  0%| F|  |TAMS 0x0000000089700000, 0x0000000089700000| Untracked 
|  78|0x0000000089800000, 0x0000000089800000, 0x0000000089900000|  0%| F|  |TAMS 0x0000000089800000, 0x0000000089800000| Untracked 
|  79|0x0000000089900000, 0x0000000089900000, 0x0000000089a00000|  0%| F|  |TAMS 0x0000000089900000, 0x0000000089900000| Untracked 
|  80|0x0000000089a00000, 0x0000000089a00000, 0x0000000089b00000|  0%| F|  |TAMS 0x0000000089a00000, 0x0000000089a00000| Untracked 
|  81|0x0000000089b00000, 0x0000000089b00000, 0x0000000089c00000|  0%| F|  |TAMS 0x0000000089b00000, 0x0000000089b00000| Untracked 
|  82|0x0000000089c00000, 0x0000000089c00000, 0x0000000089d00000|  0%| F|  |TAMS 0x0000000089c00000, 0x0000000089c00000| Untracked 
|  83|0x0000000089d00000, 0x0000000089d00000, 0x0000000089e00000|  0%| F|  |TAMS 0x0000000089d00000, 0x0000000089d00000| Untracked 
|  84|0x0000000089e00000, 0x0000000089e00000, 0x0000000089f00000|  0%| F|  |TAMS 0x0000000089e00000, 0x0000000089e00000| Untracked 
|  85|0x0000000089f00000, 0x0000000089f00000, 0x000000008a000000|  0%| F|  |TAMS 0x0000000089f00000, 0x0000000089f00000| Untracked 
|  86|0x000000008a000000, 0x000000008a000000, 0x000000008a100000|  0%| F|  |TAMS 0x000000008a000000, 0x000000008a000000| Untracked 
|  87|0x000000008a100000, 0x000000008a100000, 0x000000008a200000|  0%| F|  |TAMS 0x000000008a100000, 0x000000008a100000| Untracked 
|  88|0x000000008a200000, 0x000000008a200000, 0x000000008a300000|  0%| F|  |TAMS 0x000000008a200000, 0x000000008a200000| Untracked 
|  89|0x000000008a300000, 0x000000008a300000, 0x000000008a400000|  0%| F|  |TAMS 0x000000008a300000, 0x000000008a300000| Untracked 
|  90|0x000000008a400000, 0x000000008a400000, 0x000000008a500000|  0%| F|  |TAMS 0x000000008a400000, 0x000000008a400000| Untracked 
|  91|0x000000008a500000, 0x000000008a500000, 0x000000008a600000|  0%| F|  |TAMS 0x000000008a500000, 0x000000008a500000| Untracked 
|  92|0x000000008a600000, 0x000000008a600000, 0x000000008a700000|  0%| F|  |TAMS 0x000000008a600000, 0x000000008a600000| Untracked 
|  93|0x000000008a700000, 0x000000008a700000, 0x000000008a800000|  0%| F|  |TAMS 0x000000008a700000, 0x000000008a700000| Untracked 
|  94|0x000000008a800000, 0x000000008a800000, 0x000000008a900000|  0%| F|  |TAMS 0x000000008a800000, 0x000000008a800000| Untracked 
|  95|0x000000008a900000, 0x000000008a900000, 0x000000008aa00000|  0%| F|  |TAMS 0x000000008a900000, 0x000000008a900000| Untracked 
|  96|0x000000008aa00000, 0x000000008aa00000, 0x000000008ab00000|  0%| F|  |TAMS 0x000000008aa00000, 0x000000008aa00000| Untracked 
|  97|0x000000008ab00000, 0x000000008ab00000, 0x000000008ac00000|  0%| F|  |TAMS 0x000000008ab00000, 0x000000008ab00000| Untracked 
|  98|0x000000008ac00000, 0x000000008ac00000, 0x000000008ad00000|  0%| F|  |TAMS 0x000000008ac00000, 0x000000008ac00000| Untracked 
|  99|0x000000008ad00000, 0x000000008ad00000, 0x000000008ae00000|  0%| F|  |TAMS 0x000000008ad00000, 0x000000008ad00000| Untracked 
| 100|0x000000008ae00000, 0x000000008ae00000, 0x000000008af00000|  0%| F|  |TAMS 0x000000008ae00000, 0x000000008ae00000| Untracked 
| 101|0x000000008af00000, 0x000000008af00000, 0x000000008b000000|  0%| F|  |TAMS 0x000000008af00000, 0x000000008af00000| Untracked 
| 102|0x000000008b000000, 0x000000008b000000, 0x000000008b100000|  0%| F|  |TAMS 0x000000008b000000, 0x000000008b000000| Untracked 
| 103|0x000000008b100000, 0x000000008b100000, 0x000000008b200000|  0%| F|  |TAMS 0x000000008b100000, 0x000000008b100000| Untracked 
| 104|0x000000008b200000, 0x000000008b200000, 0x000000008b300000|  0%| F|  |TAMS 0x000000008b200000, 0x000000008b200000| Untracked 
| 105|0x000000008b300000, 0x000000008b300000, 0x000000008b400000|  0%| F|  |TAMS 0x000000008b300000, 0x000000008b300000| Untracked 
| 106|0x000000008b400000, 0x000000008b400000, 0x000000008b500000|  0%| F|  |TAMS 0x000000008b400000, 0x000000008b400000| Untracked 
| 107|0x000000008b500000, 0x000000008b500000, 0x000000008b600000|  0%| F|  |TAMS 0x000000008b500000, 0x000000008b500000| Untracked 
| 108|0x000000008b600000, 0x000000008b600000, 0x000000008b700000|  0%| F|  |TAMS 0x000000008b600000, 0x000000008b600000| Untracked 
| 109|0x000000008b700000, 0x000000008b700000, 0x000000008b800000|  0%| F|  |TAMS 0x000000008b700000, 0x000000008b700000| Untracked 
| 110|0x000000008b800000, 0x000000008b800000, 0x000000008b900000|  0%| F|  |TAMS 0x000000008b800000, 0x000000008b800000| Untracked 
| 111|0x000000008b900000, 0x000000008b900000, 0x000000008ba00000|  0%| F|  |TAMS 0x000000008b900000, 0x000000008b900000| Untracked 
| 112|0x000000008ba00000, 0x000000008ba00000, 0x000000008bb00000|  0%| F|  |TAMS 0x000000008ba00000, 0x000000008ba00000| Untracked 
| 113|0x000000008bb00000, 0x000000008bb00000, 0x000000008bc00000|  0%| F|  |TAMS 0x000000008bb00000, 0x000000008bb00000| Untracked 
| 114|0x000000008bc00000, 0x000000008bc00000, 0x000000008bd00000|  0%| F|  |TAMS 0x000000008bc00000, 0x000000008bc00000| Untracked 
| 115|0x000000008bd00000, 0x000000008bd00000, 0x000000008be00000|  0%| F|  |TAMS 0x000000008bd00000, 0x000000008bd00000| Untracked 
| 116|0x000000008be00000, 0x000000008be00000, 0x000000008bf00000|  0%| F|  |TAMS 0x000000008be00000, 0x000000008be00000| Untracked 
| 117|0x000000008bf00000, 0x000000008bf85ac8, 0x000000008c000000| 52%| E|  |TAMS 0x000000008bf00000, 0x000000008bf00000| Complete 
| 118|0x000000008c000000, 0x000000008c100000, 0x000000008c100000|100%| E|CS|TAMS 0x000000008c000000, 0x000000008c000000| Complete 
| 119|0x000000008c100000, 0x000000008c200000, 0x000000008c200000|100%| E|CS|TAMS 0x000000008c100000, 0x000000008c100000| Complete 
| 120|0x000000008c200000, 0x000000008c300000, 0x000000008c300000|100%| E|CS|TAMS 0x000000008c200000, 0x000000008c200000| Complete 
| 121|0x000000008c300000, 0x000000008c400000, 0x000000008c400000|100%| E|CS|TAMS 0x000000008c300000, 0x000000008c300000| Complete 
| 122|0x000000008c400000, 0x000000008c500000, 0x000000008c500000|100%| E|CS|TAMS 0x000000008c400000, 0x000000008c400000| Complete 
| 123|0x000000008c500000, 0x000000008c600000, 0x000000008c600000|100%| E|CS|TAMS 0x000000008c500000, 0x000000008c500000| Complete 

Card table byte_map: [0x000002893c190000,0x000002893c570000] _byte_map_base: 0x000002893bd6b000

Marking Bits (Prev, Next): (CMBitMap*) 0x0000028925668d60, (CMBitMap*) 0x0000028925668da0
 Prev Bits: [0x000002893c950000, 0x000002893e828000)
 Next Bits: [0x000002893e830000, 0x0000028940708000)

Polling page: 0x00000289235e0000

Metaspace:

Usage:
  Non-class:      2.57 MB used.
      Class:    245.05 KB used.
       Both:      2.81 MB used.

Virtual space:
  Non-class space:        8.00 MB reserved,       2.62 MB ( 33%) committed,  1 nodes.
      Class space:        1.00 GB reserved,     320.00 KB ( <1%) committed,  1 nodes.
              Both:        1.01 GB reserved,       2.94 MB ( <1%) committed. 

Chunk freelists:
   Non-Class:  3.66 MB
       Class:  3.72 MB
        Both:  7.38 MB

MaxMetaspaceSize: 17179869184.00 GB
CompressedClassSpaceSize: 1.00 GB
 - commit_granule_bytes: 65536.
 - commit_granule_words: 8192.
 - virtual_space_node_default_size: 1048576.
 - enlarge_chunks_in_place: 1.
 - new_chunks_are_fully_committed: 0.
 - uncommit_free_chunks: 1.
 - use_allocation_guard: 0.
 - handle_deallocations: 1.


Internal statistics:

num_allocs_failed_limit: 0.
num_arena_births: 12.
num_arena_deaths: 0.
num_vsnodes_births: 2.
num_vsnodes_deaths: 0.
num_space_committed: 47.
num_space_uncommitted: 0.
num_chunks_returned_to_freelist: 0.
num_chunks_taken_from_freelist: 40.
num_chunk_merges: 0.
num_chunk_splits: 20.
num_chunks_enlarged: 12.
num_purges: 0.

CodeHeap 'non-profiled nmethods': size=120000Kb used=164Kb max_used=164Kb free=119835Kb
 bounds [0x0000028934880000, 0x0000028934af0000, 0x000002893bdb0000]
CodeHeap 'profiled nmethods': size=120000Kb used=637Kb max_used=637Kb free=119362Kb
 bounds [0x000002892d350000, 0x000002892d5c0000, 0x0000028934880000]
CodeHeap 'non-nmethods': size=5760Kb used=1229Kb max_used=1250Kb free=4530Kb
 bounds [0x000002892cdb0000, 0x000002892d020000, 0x000002892d350000]
 total_blobs=902 nmethods=470 adapters=345
 compilation: enabled
              stopped_count=0, restarted_count=0
 full_count=0

Compilation events (20 events):
Event: 5304.584 Thread 0x0000028942bb1fd0 nmethod 483 0x000002892d3ee390 code [0x000002892d3ee540, 0x000002892d3ee6e8]
Event: 5358.830 Thread 0x0000028942bb1fd0  484       3       org.eclipse.jdt.launching.internal.org.objectweb.asm.SymbolTable::addConstantMemberReference (29 bytes)
Event: 5358.830 Thread 0x0000028942ba65e0  486 %     4       java.lang.StringUTF16::compress @ 3 (50 bytes)
Event: 5358.831 Thread 0x0000028942bb1fd0 nmethod 484 0x000002892d3ee790 code [0x000002892d3ee980, 0x000002892d3eed48]
Event: 5358.831 Thread 0x0000028942bb1fd0  485       3       org.eclipse.jdt.launching.internal.org.objectweb.asm.SymbolTable$Entry::<init> (20 bytes)
Event: 5358.834 Thread 0x0000028942bb1fd0 

Event: 5358.834 Thread 0x0000028942bb1fd0  487       1       org.eclipse.jdt.launching.internal.org.objectweb.asm.MethodWriter::hasAsmInstructions (5 bytes)
Event: 5358.834 Thread 0x0000028942bb1fd0 nmethod 487 0x00000289348a8c90 code [0x00000289348a8e20, 0x00000289348a8ef8]
Event: 5358.840 Thread 0x0000028942ba65e0 

Event: 5437.157 Thread 0x0000028942bb1fd0  488       1       java.security.CodeSource::getLocation (5 bytes)
Event: 5437.157 Thread 0x0000028942bb1fd0 nmethod 488 0x00000289348a8f90 code [0x00000289348a9120, 0x00000289348a91f8]
Event: 5437.157 Thread 0x0000028942ba65e0  489       4       org.eclipse.jdt.launching.internal.org.objectweb.asm.ClassReader::readUtf (44 bytes)
Event: 5437.158 Thread 0x0000028942bb1fd0  490       3       org.eclipse.jdt.launching.internal.org.objectweb.asm.ByteVector::putInt (74 bytes)
Event: 5437.158 Thread 0x0000028942bb1fd0 nmethod 490 0x000002892d3ef010 code [0x000002892d3ef1c0, 0x000002892d3ef428]
Event: 5437.202 Thread 0x0000028942ba65e0 

Event: 5679.779 Thread 0x0000028942ba65e0  491       4       org.eclipse.jdt.launching.internal.org.objectweb.asm.ClassReader::readUtf (161 bytes)
Event: 5679.810 Thread 0x0000028942ba65e0 

Event: 5730.273 Thread 0x0000028942ba65e0  492       4       java.lang.String::hashCode (60 bytes)
Event: 5730.287 Thread 0x0000028942ba65e0 

Event: 6051.933 Thread 0x0000028942ba65e0  493       4       org.eclipse.jdt.launching.internal.org.objectweb.asm.ClassReader::readUtf (44 bytes)

GC Heap History (0 events):
No events

Deoptimization events (20 events):
Event: 0.400 Thread 0x0000028925627ba0 DEOPT PACKING pc=0x000002892d3bfddb sp=0x000000c5602fbc80
Event: 0.400 Thread 0x0000028925627ba0 DEOPT UNPACKING pc=0x000002892cdfe77e sp=0x000000c5602fb0e8 mode 0
Event: 0.402 Thread 0x0000028925627ba0 DEOPT PACKING pc=0x000002892d3bfddb sp=0x000000c5602f81d0
Event: 0.402 Thread 0x0000028925627ba0 DEOPT UNPACKING pc=0x000002892cdfe77e sp=0x000000c5602f7638 mode 0
Event: 0.413 Thread 0x0000028925627ba0 DEOPT PACKING pc=0x000002892d3bfddb sp=0x000000c5602f7e40
Event: 0.413 Thread 0x0000028925627ba0 DEOPT UNPACKING pc=0x000002892cdfe77e sp=0x000000c5602f72a8 mode 0
Event: 0.413 Thread 0x0000028925627ba0 DEOPT PACKING pc=0x000002892d3bfddb sp=0x000000c5602f7e40
Event: 0.413 Thread 0x0000028925627ba0 DEOPT UNPACKING pc=0x000002892cdfe77e sp=0x000000c5602f72a8 mode 0
Event: 0.414 Thread 0x0000028925627ba0 DEOPT PACKING pc=0x000002892d3bfddb sp=0x000000c5602f7e40
Event: 0.414 Thread 0x0000028925627ba0 DEOPT UNPACKING pc=0x000002892cdfe77e sp=0x000000c5602f72a8 mode 0
Event: 0.415 Thread 0x0000028925627ba0 DEOPT PACKING pc=0x000002892d3bfddb sp=0x000000c5602f7e40
Event: 0.415 Thread 0x0000028925627ba0 DEOPT UNPACKING pc=0x000002892cdfe77e sp=0x000000c5602f72a8 mode 0
Event: 0.434 Thread 0x0000028925627ba0 Uncommon trap: trap_request=0xffffff45 fr.pc=0x0000028934888ef0 relative=0x0000000000000250
Event: 0.434 Thread 0x0000028925627ba0 Uncommon trap: reason=unstable_if action=reinterpret pc=0x0000028934888ef0 method=java.lang.String.isLatin1()Z @ 10 c2
Event: 0.434 Thread 0x0000028925627ba0 DEOPT PACKING pc=0x0000028934888ef0 sp=0x000000c5602fcc70
Event: 0.434 Thread 0x0000028925627ba0 DEOPT UNPACKING pc=0x000002892cdff92e sp=0x000000c5602fcbb0 mode 2
Event: 0.437 Thread 0x0000028925627ba0 Uncommon trap: trap_request=0xffffff45 fr.pc=0x0000028934892368 relative=0x0000000000000048
Event: 0.437 Thread 0x0000028925627ba0 Uncommon trap: reason=unstable_if action=reinterpret pc=0x0000028934892368 method=java.lang.CharacterData.of(I)Ljava/lang/CharacterData; @ 4 c2
Event: 0.437 Thread 0x0000028925627ba0 DEOPT PACKING pc=0x0000028934892368 sp=0x000000c5602fea50
Event: 0.437 Thread 0x0000028925627ba0 DEOPT UNPACKING pc=0x000002892cdff92e sp=0x000000c5602fe9f0 mode 2

Classes unloaded (0 events):
No events

Classes redefined (20 events):
Event: 2759.250 Thread 0x0000028942b81fa0 redefined class name=com.calci.calci, count=48
Event: 2892.351 Thread 0x0000028942b81fa0 redefined class name=com.calci.calci, count=49
Event: 3070.067 Thread 0x0000028942b81fa0 redefined class name=com.calci.calci, count=50
Event: 3174.711 Thread 0x0000028942b81fa0 redefined class name=com.calci.calci, count=51
Event: 5026.960 Thread 0x0000028942b81fa0 redefined class name=com.calci.calci, count=52
Event: 5062.585 Thread 0x0000028942b81fa0 redefined class name=com.calci.calci, count=53
Event: 5083.720 Thread 0x0000028942b81fa0 redefined class name=com.calci.calci, count=54
Event: 5202.593 Thread 0x0000028942b81fa0 redefined class name=com.calci.calci, count=55
Event: 5288.619 Thread 0x0000028942b81fa0 redefined class name=com.calci.calci, count=56
Event: 5304.579 Thread 0x0000028942b81fa0 redefined class name=com.calci.calci, count=57
Event: 5358.831 Thread 0x0000028942b81fa0 redefined class name=com.calci.calci, count=58
Event: 5437.161 Thread 0x0000028942b81fa0 redefined class name=com.calci.calci, count=59
Event: 5679.780 Thread 0x0000028942b81fa0 redefined class name=com.calci.calci, count=60
Event: 5730.274 Thread 0x0000028942b81fa0 redefined class name=com.calci.calci, count=61
Event: 5739.060 Thread 0x0000028942b81fa0 redefined class name=com.calci.calci, count=62
Event: 5827.345 Thread 0x0000028942b81fa0 redefined class name=com.calci.calci, count=63
Event: 5837.624 Thread 0x0000028942b81fa0 redefined class name=com.calci.calci, count=64
Event: 5879.563 Thread 0x0000028942b81fa0 redefined class name=com.calci.calci, count=65
Event: 5886.510 Thread 0x0000028942b81fa0 redefined class name=com.calci.calci, count=66
Event: 6051.935 Thread 0x0000028942b81fa0 redefined class name=com.calci.calci, count=67

Internal exceptions (1 events):
Event: 0.365 Thread 0x0000028925627ba0 Exception <a 'java/lang/NoSuchMethodError'{0x000000008c2a7bb0}: 'java.lang.Object java.lang.invoke.DirectMethodHandle$Holder.invokeStatic(java.lang.Object)'> (0x000000008c2a7bb0) 
thrown [t:\workspace\open\src\hotspot\share\interpreter\linkResolver.cpp, line 790]

Events (20 events):
Event: 5437.164 Executing  VM operation: RedefineClasses done
Event: 5679.779 Executing  VM operation: RedefineClasses
Event: 5679.782 Executing  VM operation: RedefineClasses done
Event: 5730.274 Executing  VM operation: RedefineClasses
Event: 5730.277 Executing  VM operation: RedefineClasses done
Event: 5739.059 Executing  VM operation: RedefineClasses
Event: 5739.062 Executing  VM operation: RedefineClasses done
Event: 5827.344 Executing  VM operation: RedefineClasses
Event: 5827.348 Executing  VM operation: RedefineClasses done
Event: 5837.623 Executing  VM operation: RedefineClasses
Event: 5837.627 Executing  VM operation: RedefineClasses done
Event: 5879.562 Executing  VM operation: RedefineClasses
Event: 5879.565 Executing  VM operation: RedefineClasses done
Event: 5886.508 Executing  VM operation: RedefineClasses
Event: 5886.513 Executing  VM operation: RedefineClasses done
Event: 6037.539 Executing  VM operation: ChangeBreakpoints
Event: 6037.540 Executing  VM operation: ChangeBreakpoints done
Event: 6051.934 Executing  VM operation: RedefineClasses
Event: 6051.937 Executing  VM operation: RedefineClasses done
Event: 6051.951 Executing  VM operation: ChangeBreakpoints


Dynamic libraries:
0x00007ff71ccc0000 - 0x00007ff71ccd0000 	C:\Program Files\Java\jdk-16.0.1\bin\javaw.exe
0x00007fff7ac70000 - 0x00007fff7ae66000 	C:\Windows\SYSTEM32\ntdll.dll
0x00007fff79fc0000 - 0x00007fff7a07d000 	C:\Windows\System32\KERNEL32.DLL
0x00007fff786b0000 - 0x00007fff78978000 	C:\Windows\System32\KERNELBASE.dll
0x00007fff789e0000 - 0x00007fff78ae0000 	C:\Windows\System32\ucrtbase.dll
0x00007fff6ee60000 - 0x00007fff6ee79000 	C:\Program Files\Java\jdk-16.0.1\bin\VCRUNTIME140.dll
0x00007fff707d0000 - 0x00007fff707e8000 	C:\Program Files\Java\jdk-16.0.1\bin\jli.dll
0x00007fff790a0000 - 0x00007fff7914a000 	C:\Windows\System32\ADVAPI32.dll
0x00007fff7a080000 - 0x00007fff7a11e000 	C:\Windows\System32\msvcrt.dll
0x00007fff796c0000 - 0x00007fff7975b000 	C:\Windows\System32\sechost.dll
0x00007fff79760000 - 0x00007fff79884000 	C:\Windows\System32\RPCRT4.dll
0x00007fff79da0000 - 0x00007fff79f40000 	C:\Windows\System32\USER32.dll
0x00007fff78680000 - 0x00007fff786a2000 	C:\Windows\System32\win32u.dll
0x00007fff64f50000 - 0x00007fff651eb000 	C:\Windows\WinSxS\amd64_microsoft.windows.common-controls_6595b64144ccf1df_6.0.19041.488_none_ca04af081b815d21\COMCTL32.dll
0x00007fff7a1a0000 - 0x00007fff7a1ca000 	C:\Windows\System32\GDI32.dll
0x00007fff784f0000 - 0x00007fff785f9000 	C:\Windows\System32\gdi32full.dll
0x00007fff78c40000 - 0x00007fff78cdd000 	C:\Windows\System32\msvcp_win.dll
0x00007fff719c0000 - 0x00007fff719ca000 	C:\Windows\SYSTEM32\VERSION.dll
0x00007fff79d70000 - 0x00007fff79da0000 	C:\Windows\System32\IMM32.DLL
0x00007fff68fd0000 - 0x00007fff68fdc000 	C:\Program Files\Java\jdk-16.0.1\bin\vcruntime140_1.dll
0x00007fff46ee0000 - 0x00007fff46f71000 	C:\Program Files\Java\jdk-16.0.1\bin\msvcp140.dll
0x00007fff13e10000 - 0x00007fff149bb000 	C:\Program Files\Java\jdk-16.0.1\bin\server\jvm.dll
0x00007fff79320000 - 0x00007fff79328000 	C:\Windows\System32\PSAPI.DLL
0x00007fff65490000 - 0x00007fff654b7000 	C:\Windows\SYSTEM32\WINMM.dll
0x00007fff70830000 - 0x00007fff70839000 	C:\Windows\SYSTEM32\WSOCK32.dll
0x00007fff79890000 - 0x00007fff798fb000 	C:\Windows\System32\WS2_32.dll
0x00007fff76cb0000 - 0x00007fff76cc2000 	C:\Windows\SYSTEM32\kernel.appcore.dll
0x00007fff68fc0000 - 0x00007fff68fca000 	C:\Program Files\Java\jdk-16.0.1\bin\jimage.dll
0x00007fff761c0000 - 0x00007fff763a4000 	C:\Windows\SYSTEM32\DBGHELP.DLL
0x00007fff5cb30000 - 0x00007fff5cb5c000 	C:\Windows\SYSTEM32\dbgcore.DLL
0x00007fff783c0000 - 0x00007fff7843f000 	C:\Windows\System32\bcryptPrimitives.dll
0x00007fff69260000 - 0x00007fff6929b000 	C:\Program Files\Java\jdk-16.0.1\bin\jdwp.dll
0x00007fff75980000 - 0x00007fff7598e000 	C:\Program Files\Java\jdk-16.0.1\bin\instrument.dll
0x00007fff68f90000 - 0x00007fff68fb5000 	C:\Program Files\Java\jdk-16.0.1\bin\java.dll
0x00007fff7a440000 - 0x00007fff7ab80000 	C:\Windows\System32\SHELL32.dll
0x00007fff764b0000 - 0x00007fff76c44000 	C:\Windows\SYSTEM32\windows.storage.dll
0x00007fff78ce0000 - 0x00007fff79035000 	C:\Windows\System32\combase.dll
0x00007fff77d40000 - 0x00007fff77d6c000 	C:\Windows\SYSTEM32\Wldp.dll
0x00007fff79580000 - 0x00007fff7962e000 	C:\Windows\System32\SHCORE.dll
0x00007fff79040000 - 0x00007fff79095000 	C:\Windows\System32\shlwapi.dll
0x00007fff782f0000 - 0x00007fff78316000 	C:\Windows\SYSTEM32\profapi.dll
0x00007fff75920000 - 0x00007fff7592c000 	C:\Program Files\Java\jdk-16.0.1\bin\dt_socket.dll
0x00007fff77790000 - 0x00007fff777cb000 	C:\Windows\SYSTEM32\IPHLPAPI.DLL
0x00007fff77a90000 - 0x00007fff77afa000 	C:\Windows\system32\mswsock.dll
0x00007fff777d0000 - 0x00007fff7789b000 	C:\Windows\SYSTEM32\DNSAPI.dll
0x00007fff79f40000 - 0x00007fff79f49000 	C:\Windows\System32\NSI.dll
0x00007fff70580000 - 0x00007fff7058a000 	C:\Windows\System32\rasadhlp.dll
0x00007fff6cb10000 - 0x00007fff6cb8f000 	C:\Windows\System32\fwpuclnt.dll
0x00007fff78650000 - 0x00007fff78677000 	C:\Windows\System32\bcrypt.dll
0x00007fff68f30000 - 0x00007fff68f48000 	C:\Program Files\Java\jdk-16.0.1\bin\zip.dll
0x00007fff68f70000 - 0x00007fff68f89000 	C:\Program Files\Java\jdk-16.0.1\bin\net.dll
0x00007fff72e10000 - 0x00007fff72f10000 	C:\Windows\SYSTEM32\WINHTTP.dll
0x00007fff68f50000 - 0x00007fff68f63000 	C:\Program Files\Java\jdk-16.0.1\bin\nio.dll
0x00007fff6c8c0000 - 0x00007fff6c8d0000 	C:\Program Files\Java\jdk-16.0.1\bin\verify.dll

dbghelp: loaded successfully - version: 4.0.5 - missing functions: none
symbol engine: initialized successfully - sym options: 0x614 - pdb path: .;C:\Program Files\Java\jdk-16.0.1\bin;C:\Windows\SYSTEM32;C:\Windows\WinSxS\amd64_microsoft.windows.common-controls_6595b64144ccf1df_6.0.19041.488_none_ca04af081b815d21;C:\Program Files\Java\jdk-16.0.1\bin\server

VM Arguments:
jvm_args: -XX:+ShowCodeDetailsInExceptionMessages -agentlib:jdwp=transport=dt_socket,suspend=y,address=localhost:49405 -javaagent:C:\Users\Varun Acharya\eclipse\jee-2021-065\eclipse\configuration\org.eclipse.osgi\415\0\.cp\lib\javaagent-shaded.jar -Dfile.encoding=Cp1252 
java_command: com.calci.calci
java_class_path (initial): C:\Users\Varun Acharya\eclipse-workspace\Calculator\bin
Launcher Type: SUN_STANDARD

[Global flags]
     intx CICompilerCount                          = 3                                         {product} {ergonomic}
     uint ConcGCThreads                            = 1                                         {product} {ergonomic}
     uint G1ConcRefinementThreads                  = 4                                         {product} {ergonomic}
   size_t G1HeapRegionSize                         = 1048576                                   {product} {ergonomic}
    uintx GCDrainStackTargetSize                   = 64                                        {product} {ergonomic}
   size_t InitialHeapSize                          = 130023424                                 {product} {ergonomic}
   size_t MarkStackSize                            = 4194304                                   {product} {ergonomic}
   size_t MaxHeapSize                              = 2069889024                                {product} {ergonomic}
   size_t MaxNewSize                               = 1241513984                                {product} {ergonomic}
   size_t MinHeapDeltaBytes                        = 1048576                                   {product} {ergonomic}
   size_t MinHeapSize                              = 8388608                                   {product} {ergonomic}
    uintx NonNMethodCodeHeapSize                   = 5832780                                {pd product} {ergonomic}
    uintx NonProfiledCodeHeapSize                  = 122912730                              {pd product} {ergonomic}
    uintx ProfiledCodeHeapSize                     = 122912730                              {pd product} {ergonomic}
    uintx ReservedCodeCacheSize                    = 251658240                              {pd product} {ergonomic}
     bool SegmentedCodeCache                       = true                                      {product} {ergonomic}
     bool ShowCodeDetailsInExceptionMessages       = true                                   {manageable} {command line}
   size_t SoftMaxHeapSize                          = 2069889024                             {manageable} {ergonomic}
     bool UseCompressedClassPointers               = true                           {product lp64_product} {ergonomic}
     bool UseCompressedOops                        = true                           {product lp64_product} {ergonomic}
     bool UseG1GC                                  = true                                      {product} {ergonomic}
     bool UseLargePagesIndividualAllocation        = false                                  {pd product} {ergonomic}

Logging:
Log output configuration:
 #0: stdout all=warning uptime,level,tags
 #1: stderr all=off uptime,level,tags

Environment Variables:
PATH=C:/Program Files/Java/jdk-16.0.1/bin/server;C:/Program Files/Java/jdk-16.0.1/bin;C:/Users/VARUNA~1/AppData/Local/Temp/eoi7358.tmp//plugins/org.eclipse.justj.openjdk.hotspot.jre.minimal.stripped.win32.x86_64_16.0.1.v20210528-1205/jre/bin/server;C:/Users/VARUNA~1/AppData/Local/Temp/eoi7358.tmp//plugins/org.eclipse.justj.openjdk.hotspot.jre.minimal.stripped.win32.x86_64_16.0.1.v20210528-1205/jre/bin;C:\Program Files\Common Files\Oracle\Java\javapath;C:\Program Files (x86)\Common Files\Oracle\Java\javapath;C:\Windows\system32;C:\Windows;C:\Windows\System32\Wbem;C:\Windows\System32\WindowsPowerShell\v1.0\;C:\Windows\System32\OpenSSH\;C:\Program Files\Git\cmd;C:\Program Files\Git\mingw64\bin;C:\Program Files\Git\usr\bin;%java16%\bin;C:\Users\Varun Acharya\AppData\Local\Microsoft\WindowsApps;;C:\FSJD;;C:\FSJD;
USERNAME=Varun Acharya
OS=Windows_NT
PROCESSOR_IDENTIFIER=Intel64 Family 6 Model 140 Stepping 1, GenuineIntel



---------------  S Y S T E M  ---------------

OS:
 Windows 10 , 64 bit Build 19041 (10.0.19041.546)
OS uptime: 15 days 2:57 hours
Hyper-V role detected

CPU: total 4 (initial active 4) (2 cores per cpu, 2 threads per core) family 6 model 140 stepping 1 microcode 0x60, cx8, cmov, fxsr, ht, mmx, 3dnowpref, sse, sse2, sse3, ssse3, sse4.1, sse4.2, popcnt, lzcnt, tsc, tscinvbit, avx, avx2, aes, erms, clmul, bmi1, bmi2, adx, avx512f, avx512dq, avx512cd, avx512bw, avx512vl, sha, fma, vzeroupper, avx512_vpopcntdq, avx512_vpclmulqdq, avx512_vaes, avx512_vnni, clflush, clflushopt, clwb, avx512_vmbi2, avx512_vmbi, hv

Memory: 4k page, system-wide physical 7894M (3442M free)
TotalPageFile size 11837M (AvailPageFile size 2178M)
current process WorkingSet (physical memory assigned to process): 44M, peak: 45M
current process commit charge ("private bytes"): 202M, peak: 203M

vm_info: Java HotSpot(TM) 64-Bit Server VM (16.0.1+9-24) for windows-amd64 JRE (16.0.1+9-24), built on Mar 26 2021 19:31:42 by "mach5one" with MS VC++ 16.7 (VS2019)

END.
